{"/Users/rjthompson/git/todobites/src/App.tsx": {"path":"/Users/rjthompson/git/todobites/src/App.tsx","statementMap":{"0":{"start":{"line":1,"column":0},"end":{"line":1,"column":57}},"1":{"start":{"line":10,"column":28},"end":{"line":10,"column":49}},"2":{"start":{"line":11,"column":28},"end":{"line":11,"column":57}},"3":{"start":{"line":13,"column":20},"end":{"line":29,"column":8}},"4":{"start":{"line":14,"column":4},"end":{"line":28,"column":5}},"5":{"start":{"line":16,"column":23},"end":{"line":16,"column":80}},"6":{"start":{"line":18,"column":6},"end":{"line":20,"column":7}},"7":{"start":{"line":19,"column":8},"end":{"line":19,"column":77}},"8":{"start":{"line":22,"column":19},"end":{"line":22,"column":40}},"9":{"start":{"line":23,"column":6},"end":{"line":23,"column":21}},"10":{"start":{"line":24,"column":6},"end":{"line":24,"column":21}},"11":{"start":{"line":26,"column":6},"end":{"line":26,"column":60}},"12":{"start":{"line":27,"column":6},"end":{"line":27,"column":59}},"13":{"start":{"line":31,"column":2},"end":{"line":33,"column":18}},"14":{"start":{"line":32,"column":4},"end":{"line":32,"column":16}},"15":{"start":{"line":35,"column":2},"end":{"line":53,"column":4}},"16":{"start":{"line":43,"column":12},"end":{"line":43,"column":30}},"17":{"start":{"line":56,"column":0},"end":{"line":56,"column":19}}},"fnMap":{"0":{"name":"App","decl":{"start":{"line":9,"column":9},"end":{"line":9,"column":12}},"loc":{"start":{"line":9,"column":12},"end":{"line":54,"column":1}}},"1":{"name":"(anonymous_1)","decl":{"start":{"line":13,"column":32},"end":{"line":13,"column":37}},"loc":{"start":{"line":13,"column":43},"end":{"line":29,"column":3}}},"2":{"name":"(anonymous_2)","decl":{"start":{"line":31,"column":12},"end":{"line":31,"column":15}},"loc":{"start":{"line":31,"column":17},"end":{"line":33,"column":3}}},"3":{"name":"(anonymous_3)","decl":{"start":{"line":42,"column":21},"end":{"line":42,"column":22}},"loc":{"start":{"line":43,"column":12},"end":{"line":43,"column":30}}}},"branchMap":{"0":{"loc":{"start":{"line":18,"column":6},"end":{"line":20,"column":7}},"type":"if","locations":[{"start":{"line":18,"column":6},"end":{"line":20,"column":7}}]},"1":{"loc":{"start":{"line":38,"column":7},"end":{"line":50,"column":null}},"type":"cond-expr","locations":[{"start":{"line":39,"column":8},"end":{"line":39,"column":47}},{"start":{"line":41,"column":8},"end":{"line":49,"column":null}}]},"2":{"loc":{"start":{"line":45,"column":28},"end":{"line":45,"column":78}},"type":"cond-expr","locations":[{"start":{"line":45,"column":45},"end":{"line":45,"column":61}},{"start":{"line":45,"column":64},"end":{"line":45,"column":78}}]},"3":{"loc":{"start":{"line":46,"column":17},"end":{"line":46,"column":60}},"type":"cond-expr","locations":[{"start":{"line":46,"column":34},"end":{"line":46,"column":45}},{"start":{"line":46,"column":48},"end":{"line":46,"column":60}}]}},"s":{"0":2,"1":12,"2":12,"3":12,"4":6,"5":6,"6":5,"7":1,"8":4,"9":4,"10":4,"11":2,"12":2,"13":12,"14":6,"15":12,"16":4,"17":2},"f":{"0":12,"1":6,"2":6,"3":4},"b":{"0":[1],"1":[2,10],"2":[1,3],"3":[1,3]}}
}
